<?xml version='1.0'?>
<ns2:test-suite xmlns:ns2='urn:model.allure.qatools.yandex.ru' start='1676640660664' stop='1676640665388'>
    <name>Magento-Demo</name>
    <title>Magento-Demo</title>
    <test-cases>
        <test-case start='1676640660665' status='passed' stop='1676640664089'>
            <name>Debe hacer Login en el sitio.</name>
            <title>Debe hacer Login en el sitio.</title>
            <labels>
                <label name='language' value='javascript'/>
                <label name='framework' value='wdio'/>
                <label name='thread' value='0-0'/>
            </labels>
            <parameters>
                <parameter kind='argument' name='browser' value='chrome-110.0.5481.104'/>
            </parameters>
            <steps>
                <step start='1676640660682' status='passed' stop='1676640660682'>
                    <name>Abrir la pagina web.</name>
                    <title>Abrir la pagina web.</title>
                    <attachments/>
                    <steps/>
                </step>
                <step start='1676640660683' status='passed' stop='1676640661642'>
                    <name>POST /session/:sessionId/url</name>
                    <title>POST /session/:sessionId/url</title>
                    <attachments>
                        <attachment title='Request' source='06d6f866-74b8-428e-8d83-952ccde551ee-attachment.json' type='application/json' size='48'/>
                    </attachments>
                    <steps/>
                </step>
                <step start='1676640661643' status='passed' stop='1676640661669'>
                    <name>POST /session/:sessionId/element</name>
                    <title>POST /session/:sessionId/element</title>
                    <attachments>
                        <attachment title='Request' source='810410e8-40d6-4a74-8ac6-7dc211e4fc80-attachment.json' type='application/json' size='67'/>
                        <attachment title='Response' source='60474f95-cdb8-4434-9087-bf5e0d7204be-attachment.json' type='application/json' size='83'/>
                    </attachments>
                    <steps/>
                </step>
                <step start='1676640661679' status='passed' stop='1676640661742'>
                    <name>POST /session/:sessionId/element/f115b45f-6049-4c57-99a6-59e03ec5c877/click</name>
                    <title>POST /session/:sessionId/element/f115b45f-6049-4c57-99a6-59e03ec5c877/click</title>
                    <attachments/>
                    <steps/>
                </step>
                <step start='1676640661742' status='passed' stop='1676640661742'>
                    <name>Clickear en el dropdown de Account</name>
                    <title>Clickear en el dropdown de Account</title>
                    <attachments/>
                    <steps/>
                </step>
                <step start='1676640661743' status='passed' stop='1676640661781'>
                    <name>POST /session/:sessionId/element</name>
                    <title>POST /session/:sessionId/element</title>
                    <attachments>
                        <attachment title='Request' source='fd8979b3-41d3-4c14-be66-571cb1ea9d57-attachment.json' type='application/json' size='69'/>
                        <attachment title='Response' source='d8b1dc2b-b7bf-4e42-904e-afe174f7cb16-attachment.json' type='application/json' size='83'/>
                    </attachments>
                    <steps/>
                </step>
                <step start='1676640661791' status='passed' stop='1676640662295'>
                    <name>POST /session/:sessionId/element/24f6a319-2f0b-418d-8703-2a9210c7a2e7/click</name>
                    <title>POST /session/:sessionId/element/24f6a319-2f0b-418d-8703-2a9210c7a2e7/click</title>
                    <attachments/>
                    <steps/>
                </step>
                <step start='1676640662295' status='passed' stop='1676640662295'>
                    <name>Introducir valores de Usuario y contraseña</name>
                    <title>Introducir valores de Usuario y contraseña</title>
                    <attachments/>
                    <steps/>
                </step>
                <step start='1676640662295' status='passed' stop='1676640662318'>
                    <name>POST /session/:sessionId/element</name>
                    <title>POST /session/:sessionId/element</title>
                    <attachments>
                        <attachment title='Request' source='6c0e5cf9-2856-4a11-a871-2a0f537061f5-attachment.json' type='application/json' size='50'/>
                        <attachment title='Response' source='35025772-aa04-44a5-a97c-b150c1767719-attachment.json' type='application/json' size='83'/>
                    </attachments>
                    <steps/>
                </step>
                <step start='1676640662321' status='passed' stop='1676640662367'>
                    <name>POST /session/:sessionId/element/ac1b4eed-d9b5-45c1-b9e2-a9aaa294c139/clear</name>
                    <title>POST /session/:sessionId/element/ac1b4eed-d9b5-45c1-b9e2-a9aaa294c139/clear</title>
                    <attachments/>
                    <steps/>
                </step>
                <step start='1676640662372' status='passed' stop='1676640662436'>
                    <name>POST /session/:sessionId/element/ac1b4eed-d9b5-45c1-b9e2-a9aaa294c139/value</name>
                    <title>POST /session/:sessionId/element/ac1b4eed-d9b5-45c1-b9e2-a9aaa294c139/value</title>
                    <attachments>
                        <attachment title='Request' source='2cf9409d-bc95-47e7-a0f5-fdf6108b8ba2-attachment.json' type='application/json' size='31'/>
                    </attachments>
                    <steps/>
                </step>
                <step start='1676640662436' status='passed' stop='1676640662462'>
                    <name>POST /session/:sessionId/element</name>
                    <title>POST /session/:sessionId/element</title>
                    <attachments>
                        <attachment title='Request' source='cb7de364-3692-48ec-9263-c679f4d446e2-attachment.json' type='application/json' size='49'/>
                        <attachment title='Response' source='6af2d48a-b71e-4b93-b8ca-a5a7f5012342-attachment.json' type='application/json' size='83'/>
                    </attachments>
                    <steps/>
                </step>
                <step start='1676640662464' status='passed' stop='1676640662500'>
                    <name>POST /session/:sessionId/element/0adebf09-39e8-4d60-b525-2f54c5d0881e/clear</name>
                    <title>POST /session/:sessionId/element/0adebf09-39e8-4d60-b525-2f54c5d0881e/clear</title>
                    <attachments/>
                    <steps/>
                </step>
                <step start='1676640662501' status='passed' stop='1676640662565'>
                    <name>POST /session/:sessionId/element/0adebf09-39e8-4d60-b525-2f54c5d0881e/value</name>
                    <title>POST /session/:sessionId/element/0adebf09-39e8-4d60-b525-2f54c5d0881e/value</title>
                    <attachments>
                        <attachment title='Request' source='61ca4ff2-e87c-4e19-a4ea-6c1e9c48dbf6-attachment.json' type='application/json' size='24'/>
                    </attachments>
                    <steps/>
                </step>
                <step start='1676640662565' status='passed' stop='1676640662565'>
                    <name>Entrar a la página.</name>
                    <title>Entrar a la página.</title>
                    <attachments/>
                    <steps/>
                </step>
                <step start='1676640662565' status='passed' stop='1676640662587'>
                    <name>POST /session/:sessionId/element</name>
                    <title>POST /session/:sessionId/element</title>
                    <attachments>
                        <attachment title='Request' source='9f8bae44-039f-4997-b5a0-ad98c199e28d-attachment.json' type='application/json' size='50'/>
                        <attachment title='Response' source='ff294b9d-713f-4749-b1e7-9fa614b5b0d4-attachment.json' type='application/json' size='83'/>
                    </attachments>
                    <steps/>
                </step>
                <step start='1676640662593' status='passed' stop='1676640664031'>
                    <name>POST /session/:sessionId/element/2e8d846e-0885-4e90-82ce-cac2bf6b8790/click</name>
                    <title>POST /session/:sessionId/element/2e8d846e-0885-4e90-82ce-cac2bf6b8790/click</title>
                    <attachments/>
                    <steps/>
                </step>
                <step start='1676640664031' status='passed' stop='1676640664031'>
                    <name>Verificar que el login fue exitoso.</name>
                    <title>Verificar que el login fue exitoso.</title>
                    <attachments/>
                    <steps/>
                </step>
                <step start='1676640664031' status='passed' stop='1676640664058'>
                    <name>POST /session/:sessionId/element</name>
                    <title>POST /session/:sessionId/element</title>
                    <attachments>
                        <attachment title='Request' source='6b0f2a19-789f-44bb-be39-1f7caa537a26-attachment.json' type='application/json' size='52'/>
                        <attachment title='Response' source='4a3dbcc1-af2b-4745-98ad-d0c75fa8501c-attachment.json' type='application/json' size='83'/>
                    </attachments>
                    <steps/>
                </step>
                <step start='1676640664062' status='passed' stop='1676640664087'>
                    <name>GET /session/:sessionId/element/5f02a40e-68fe-4776-aca3-d7d2e5a4fd78/text</name>
                    <title>GET /session/:sessionId/element/5f02a40e-68fe-4776-aca3-d7d2e5a4fd78/text</title>
                    <attachments>
                        <attachment title='Response' source='d8f100f9-63ed-4107-b807-4d8da03ad3e8-attachment.json' type='application/json' size='14'/>
                    </attachments>
                    <steps/>
                </step>
            </steps>
            <attachments/>
        </test-case>
        <test-case start='1676640664089' status='broken' stop='1676640665385'>
            <name>Debe hacer Logout del sitio previamente ingresado.</name>
            <title>Debe hacer Logout del sitio previamente ingresado.</title>
            <labels>
                <label name='language' value='javascript'/>
                <label name='framework' value='wdio'/>
                <label name='thread' value='0-0'/>
            </labels>
            <parameters>
                <parameter kind='argument' name='browser' value='chrome-110.0.5481.104'/>
            </parameters>
            <steps>
                <step start='1676640664090' status='passed' stop='1676640664090'>
                    <name>Abrir la pagina web.</name>
                    <title>Abrir la pagina web.</title>
                    <attachments/>
                    <steps/>
                </step>
                <step start='1676640664090' status='passed' stop='1676640664611'>
                    <name>POST /session/:sessionId/url</name>
                    <title>POST /session/:sessionId/url</title>
                    <attachments>
                        <attachment title='Request' source='0049864f-a5fb-4d09-809a-41dd437c6315-attachment.json' type='application/json' size='48'/>
                    </attachments>
                    <steps/>
                </step>
                <step start='1676640664611' status='passed' stop='1676640664680'>
                    <name>POST /session/:sessionId/element</name>
                    <title>POST /session/:sessionId/element</title>
                    <attachments>
                        <attachment title='Request' source='26a3fcee-4139-4a43-b7dc-edd9c35e2095-attachment.json' type='application/json' size='91'/>
                        <attachment title='Response' source='186c0e0e-4c18-4b81-812f-6e7c479a332d-attachment.json' type='application/json' size='83'/>
                    </attachments>
                    <steps/>
                </step>
                <step start='1676640664682' status='broken' stop='1676640665385'>
                    <name>POST /session/:sessionId/element/84467909-99db-43cc-8fe6-a31ac5770f3d/click</name>
                    <title>POST /session/:sessionId/element/84467909-99db-43cc-8fe6-a31ac5770f3d/click</title>
                    <attachments/>
                    <steps>
                        <step start='1676640664861' status='passed' stop='1676640665384'>
                            <name>GET /session/:sessionId/screenshot</name>
                            <title>GET /session/:sessionId/screenshot</title>
                            <attachments>
                                <attachment title='Screenshot' source='f35a0904-1470-4e74-9350-10708bfde0d4-attachment.png' type='image/png' size='944240'/>
                            </attachments>
                            <steps/>
                        </step>
                    </steps>
                </step>
            </steps>
            <attachments/>
            <failure>
                <message>element not interactable
                  (Session info: chrome=110.0.5481.104)</message>
                <stack-trace>element not interactable: element not interactable
                  (Session info: chrome=110.0.5481.104)
                    at getErrorFromResponseBody (C:\Users\Usuario\Documents\_Automation\Projects\WebdriverIO-Abstracta-Curso\node_modules\webdriver\build\utils.js:198:12)
                    at NodeJSRequest._request (C:\Users\Usuario\Documents\_Automation\Projects\WebdriverIO-Abstracta-Curso\node_modules\webdriver\build\request\index.js:166:60)
                    at processTicksAndRejections (node:internal/process/task_queues:96:5)
                    at Element.wrapCommandFn (C:\Users\Usuario\Documents\_Automation\Projects\WebdriverIO-Abstracta-Curso\node_modules\@wdio\utils\build\shim.js:137:29)
                    at Element.wrapCommandFn (C:\Users\Usuario\Documents\_Automation\Projects\WebdriverIO-Abstracta-Curso\node_modules\@wdio\utils\build\shim.js:137:29)
                    at Element.elementErrorHandlerCallbackFn (C:\Users\Usuario\Documents\_Automation\Projects\WebdriverIO-Abstracta-Curso\node_modules\@wdio\runner\node_modules\webdriverio\build\middlewares.js:24:32)
                    at Element.wrapCommandFn (C:\Users\Usuario\Documents\_Automation\Projects\WebdriverIO-Abstracta-Curso\node_modules\@wdio\utils\build\shim.js:137:29)
                    at Element.wrapCommandFn (C:\Users\Usuario\Documents\_Automation\Projects\WebdriverIO-Abstracta-Curso\node_modules\@wdio\utils\build\shim.js:137:29)
                    at Element.elementErrorHandlerCallbackFn (C:\Users\Usuario\Documents\_Automation\Projects\WebdriverIO-Abstracta-Curso\node_modules\@wdio\runner\node_modules\webdriverio\build\middlewares.js:24:32)
                    at Element.wrapCommandFn (C:\Users\Usuario\Documents\_Automation\Projects\WebdriverIO-Abstracta-Curso\node_modules\@wdio\utils\build\shim.js:137:29)
                    at Context.&lt;anonymous> (C:\Users\Usuario\Documents\_Automation\Projects\WebdriverIO-Abstracta-Curso\tests\/magento-demo.test.js:32:9)</stack-trace>
            </failure>
        </test-case>
        <test-case start='1676640665386' status='pending' stop='1676640665386'>
            <name>Debe hacer Register en el sitio.</name>
            <title>Debe hacer Register en el sitio.</title>
            <labels/>
            <parameters/>
            <steps/>
            <attachments/>
            <failure>
                <message>Test ignored</message>
                <stack-trace>undefined</stack-trace>
            </failure>
        </test-case>
        <test-case start='1676640665387' status='pending' stop='1676640665387'>
            <name>Ingresar datos de Facturación para usar en el checkout.</name>
            <title>Ingresar datos de Facturación para usar en el checkout.</title>
            <labels/>
            <parameters/>
            <steps/>
            <attachments/>
            <failure>
                <message>Test ignored</message>
                <stack-trace>undefined</stack-trace>
            </failure>
        </test-case>
        <test-case start='1676640665387' status='pending' stop='1676640665387'>
            <name>Debe buscar un objeto y comprarlo.</name>
            <title>Debe buscar un objeto y comprarlo.</title>
            <labels/>
            <parameters/>
            <steps/>
            <attachments/>
            <failure>
                <message>Test ignored</message>
                <stack-trace>undefined</stack-trace>
            </failure>
        </test-case>
    </test-cases>
</ns2:test-suite>